0 verbose cli /opt/homebrew/Cellar/node@22/22.22.1_1/bin/node /opt/homebrew/Cellar/node@22/22.22.1_1/lib/node_modules/npm/bin/npm-cli.js
1 info using npm@10.9.4
2 info using node@v22.22.1
3 silly config load:file:/opt/homebrew/Cellar/node@22/22.22.1_1/lib/node_modules/npm/npmrc
4 silly config load:file:/Users/user/Desktop/BUSSINES/Antigraity/.npmrc
5 silly config load:file:/Users/user/.npmrc
6 silly config load:file:/opt/homebrew/etc/npmrc
7 verbose title npm exec netlify-cli sites:create --name wolt-recrutare-curieri
8 verbose argv "exec" "--" "netlify-cli" "sites:create" "--name" "wolt-recrutare-curieri"
9 verbose logfile logs-max:10 dir:/Users/user/Desktop/BUSSINES/Antigraity/DRAGONS DELIVERY/wolt-style/.npm-cache/_logs/2026-03-22T01_00_02_646Z-
10 verbose logfile /Users/user/Desktop/BUSSINES/Antigraity/DRAGONS DELIVERY/wolt-style/.npm-cache/_logs/2026-03-22T01_00_02_646Z-debug-0.log
11 silly logfile done cleaning log files
12 silly packumentCache heap:4345298944 maxSize:1086324736 maxEntrySize:543162368
13 verbose shrinkwrap failed to load node_modules/.package-lock.json out of date, updated: node_modules
14 http fetch GET 200 https://registry.npmjs.org/npm 2503ms
15 http fetch GET 200 https://registry.npmjs.org/netlify-cli 3492ms (cache miss)
16 silly packumentCache heap:4345298944 maxSize:1086324736 maxEntrySize:543162368
17 verbose cwd /Users/user/Desktop/BUSSINES/Antigraity/DRAGONS DELIVERY/wolt-style
18 verbose os Darwin 24.1.0
19 verbose node v22.22.1
20 verbose npm  v10.9.4
21 notice
21 notice New [31mmajor[39m version of npm available! [31m10.9.4[39m -> [34m11.12.0[39m
21 notice Changelog: [34mhttps://github.com/npm/cli/releases/tag/v11.12.0[39m
21 notice To update run: [4mnpm install -g npm@11.12.0[24m
21 notice  { force: true, [Symbol(proc-log.meta)]: true }
22 verbose exit 0
23 info ok
